0 verbose cli /home/iveew/.nvm/versions/node/v20.13.1/bin/node /home/iveew/.nvm/versions/node/v20.13.1/bin/npm
1 info using npm@10.5.2
2 info using node@v20.13.1
3 timing npm:load:whichnode Completed in 3ms
4 timing config:load:defaults Completed in 2ms
5 timing config:load:file:/home/iveew/.nvm/versions/node/v20.13.1/lib/node_modules/npm/npmrc Completed in 1ms
6 timing config:load:builtin Completed in 1ms
7 timing config:load:cli Completed in 3ms
8 timing config:load:env Completed in 0ms
9 timing config:load:project Completed in 3ms
10 timing config:load:file:/home/iveew/.npmrc Completed in 0ms
11 timing config:load:user Completed in 0ms
12 timing config:load:file:/home/iveew/.nvm/versions/node/v20.13.1/etc/npmrc Completed in 1ms
13 timing config:load:global Completed in 1ms
14 timing config:load:setEnvs Completed in 1ms
15 timing config:load Completed in 11ms
16 timing npm:load:configload Completed in 11ms
17 timing config:load:flatten Completed in 5ms
18 timing npm:load:mkdirpcache Completed in 34ms
19 timing npm:load:mkdirplogs Completed in 0ms
20 verbose title npm install formik
21 verbose argv "install" "formik"
22 timing npm:load:setTitle Completed in 1ms
23 timing npm:load:display Completed in 0ms
24 verbose logfile logs-max:10 dir:/home/iveew/.npm/_logs/2024-05-15T17_45_47_609Z-
25 verbose logfile /home/iveew/.npm/_logs/2024-05-15T17_45_47_609Z-debug-0.log
26 timing npm:load:logFile Completed in 48ms
27 timing npm:load:timers Completed in 0ms
28 timing npm:load:configScope Completed in 0ms
29 timing npm:load Completed in 208ms
30 timing config:load:flatten Completed in 2ms
31 timing arborist:ctor Completed in 2ms
32 silly logfile start cleaning logs, removing 2 files
33 timing arborist:ctor Completed in 0ms
34 silly logfile done cleaning log files
35 timing idealTree:init Completed in 28ms
36 timing idealTree:userRequests Completed in 12ms
37 silly idealTree buildDeps
38 silly fetch manifest formik@*
39 http fetch GET 200 https://registry.npmjs.org/formik 529ms (cache miss)
40 silly fetch manifest react@>=16.8.0
41 http fetch GET 200 https://registry.npmjs.org/react 325ms (cache updated)
42 silly placeDep ROOT formik@2.4.6 OK for:  want: *
43 silly placeDep ROOT react@18.3.1 OK for: formik@2.4.6 want: >=16.8.0
44 silly fetch manifest @types/hoist-non-react-statics@^3.3.1
45 http fetch GET 200 https://registry.npmjs.org/@types%2fhoist-non-react-statics 197ms (cache miss)
46 silly fetch manifest deepmerge@^2.1.1
47 http fetch GET 200 https://registry.npmjs.org/deepmerge 62ms (cache miss)
48 silly fetch manifest hoist-non-react-statics@^3.3.0
49 http fetch GET 200 https://registry.npmjs.org/hoist-non-react-statics 83ms (cache miss)
50 silly fetch manifest lodash@^4.17.21
51 http fetch GET 200 https://registry.npmjs.org/lodash 60ms (cache miss)
52 silly fetch manifest lodash-es@^4.17.21
53 http fetch GET 200 https://registry.npmjs.org/lodash-es 109ms (cache miss)
54 silly fetch manifest react-fast-compare@^2.0.1
55 http fetch GET 200 https://registry.npmjs.org/react-fast-compare 102ms (cache miss)
56 silly fetch manifest tiny-warning@^1.0.2
57 http fetch GET 200 https://registry.npmjs.org/tiny-warning 62ms (cache miss)
58 silly fetch manifest tslib@^2.0.0
59 http fetch GET 200 https://registry.npmjs.org/tslib 125ms (cache revalidated)
60 silly fetch manifest loose-envify@^1.1.0
61 http fetch GET 200 https://registry.npmjs.org/loose-envify 98ms (cache revalidated)
62 timing idealTree:#root Completed in 2403ms
63 silly placeDep ROOT @types/hoist-non-react-statics@3.3.5 OK for: formik@2.4.6 want: ^3.3.1
64 silly placeDep ROOT deepmerge@2.2.1 OK for: formik@2.4.6 want: ^2.1.1
65 silly placeDep ROOT hoist-non-react-statics@3.3.2 OK for: formik@2.4.6 want: ^3.3.0
66 silly placeDep ROOT lodash@4.17.21 OK for: formik@2.4.6 want: ^4.17.21
67 silly placeDep ROOT lodash-es@4.17.21 OK for: formik@2.4.6 want: ^4.17.21
68 silly placeDep ROOT react-fast-compare@2.0.4 OK for: formik@2.4.6 want: ^2.0.1
69 silly placeDep ROOT tiny-warning@1.0.3 OK for: formik@2.4.6 want: ^1.0.2
70 silly placeDep ROOT tslib@2.6.2 OK for: formik@2.4.6 want: ^2.0.0
71 silly fetch manifest @types/react@*
72 http fetch GET 200 https://registry.npmjs.org/@types%2freact 136ms (cache miss)
73 silly fetch manifest react-is@^16.7.0
74 http fetch GET 200 https://registry.npmjs.org/react-is 392ms (cache updated)
75 timing idealTree:node_modules/formik Completed in 705ms
76 silly placeDep ROOT @types/react@18.3.2 OK for: @types/hoist-non-react-statics@3.3.5 want: *
77 silly fetch manifest @types/prop-types@*
78 http fetch GET 200 https://registry.npmjs.org/@types%2fprop-types 127ms (cache miss)
79 silly fetch manifest csstype@^3.0.2
80 http fetch GET 200 https://registry.npmjs.org/csstype 99ms (cache miss)
81 timing idealTree:node_modules/@types/hoist-non-react-statics Completed in 242ms
82 silly placeDep ROOT @types/prop-types@15.7.12 OK for: @types/react@18.3.2 want: *
83 silly placeDep ROOT csstype@3.1.3 OK for: @types/react@18.3.2 want: ^3.0.2
84 timing idealTree:node_modules/@types/react Completed in 8ms
85 timing idealTree:node_modules/@types/prop-types Completed in 0ms
86 timing idealTree:node_modules/csstype Completed in 0ms
87 timing idealTree:node_modules/deepmerge Completed in 1ms
88 silly placeDep ROOT react-is@16.13.1 OK for: hoist-non-react-statics@3.3.2 want: ^16.7.0
89 timing idealTree:node_modules/hoist-non-react-statics Completed in 2ms
90 timing idealTree:node_modules/lodash Completed in 1ms
91 timing idealTree:node_modules/lodash-es Completed in 0ms
92 silly placeDep ROOT loose-envify@1.4.0 OK for: react@18.3.1 want: ^1.1.0
93 silly fetch manifest js-tokens@^3.0.0 || ^4.0.0
94 http fetch GET 200 https://registry.npmjs.org/js-tokens 176ms (cache revalidated)
95 timing idealTree:node_modules/react Completed in 181ms
96 silly placeDep ROOT js-tokens@4.0.0 OK for: loose-envify@1.4.0 want: ^3.0.0 || ^4.0.0
97 timing idealTree:node_modules/loose-envify Completed in 5ms
98 timing idealTree:node_modules/js-tokens Completed in 0ms
99 timing idealTree:node_modules/react-fast-compare Completed in 0ms
100 timing idealTree:node_modules/react-is Completed in 0ms
101 timing idealTree:node_modules/tiny-warning Completed in 0ms
102 timing idealTree:node_modules/tslib Completed in 2ms
103 timing idealTree:buildDeps Completed in 3557ms
104 timing idealTree:fixDepFlags Completed in 2ms
105 timing idealTree Completed in 3604ms
106 timing reify:loadTrees Completed in 3611ms
107 timing reify:diffTrees Completed in 6ms
108 silly reify moves {}
109 timing reify:retireShallow Completed in 22ms
110 timing reify:createSparse Completed in 35ms
111 timing reify:loadBundles Completed in 0ms
112 silly tarball no local data for @types/prop-types@https://registry.npmjs.org/@types/prop-types/-/prop-types-15.7.12.tgz. Extracting by manifest.
113 silly tarball no local data for csstype@https://registry.npmjs.org/csstype/-/csstype-3.1.3.tgz. Extracting by manifest.
114 silly tarball no local data for @types/react@https://registry.npmjs.org/@types/react/-/react-18.3.2.tgz. Extracting by manifest.
115 silly tarball no local data for tiny-warning@https://registry.npmjs.org/tiny-warning/-/tiny-warning-1.0.3.tgz. Extracting by manifest.
116 silly tarball no local data for react-fast-compare@https://registry.npmjs.org/react-fast-compare/-/react-fast-compare-2.0.4.tgz. Extracting by manifest.
117 silly tarball no local data for lodash-es@https://registry.npmjs.org/lodash-es/-/lodash-es-4.17.21.tgz. Extracting by manifest.
118 silly tarball no local data for hoist-non-react-statics@https://registry.npmjs.org/hoist-non-react-statics/-/hoist-non-react-statics-3.3.2.tgz. Extracting by manifest.
119 silly tarball no local data for deepmerge@https://registry.npmjs.org/deepmerge/-/deepmerge-2.2.1.tgz. Extracting by manifest.
120 silly tarball no local data for @types/hoist-non-react-statics@https://registry.npmjs.org/@types/hoist-non-react-statics/-/hoist-non-react-statics-3.3.5.tgz. Extracting by manifest.
121 silly tarball no local data for lodash@https://registry.npmjs.org/lodash/-/lodash-4.17.21.tgz. Extracting by manifest.
122 silly tarball no local data for formik@https://registry.npmjs.org/formik/-/formik-2.4.6.tgz. Extracting by manifest.
123 timing reifyNode:node_modules/loose-envify Completed in 377ms
124 timing reifyNode:node_modules/js-tokens Completed in 386ms
125 timing reifyNode:node_modules/react-is Completed in 402ms
126 http fetch GET 200 https://registry.npmjs.org/tiny-warning/-/tiny-warning-1.0.3.tgz 359ms (cache miss)
127 timing reifyNode:node_modules/tiny-warning Completed in 427ms
128 http fetch GET 200 https://registry.npmjs.org/react-fast-compare/-/react-fast-compare-2.0.4.tgz 363ms (cache miss)
129 timing reifyNode:node_modules/react-fast-compare Completed in 432ms
130 http fetch GET 200 https://registry.npmjs.org/@types/hoist-non-react-statics/-/hoist-non-react-statics-3.3.5.tgz 336ms (cache miss)
131 timing reifyNode:node_modules/@types/hoist-non-react-statics Completed in 437ms
132 http fetch GET 200 https://registry.npmjs.org/@types/prop-types/-/prop-types-15.7.12.tgz 412ms (cache miss)
133 timing reifyNode:node_modules/@types/prop-types Completed in 443ms
134 http fetch GET 200 https://registry.npmjs.org/deepmerge/-/deepmerge-2.2.1.tgz 352ms (cache miss)
135 timing reifyNode:node_modules/tslib Completed in 451ms
136 http fetch GET 200 https://registry.npmjs.org/hoist-non-react-statics/-/hoist-non-react-statics-3.3.2.tgz 367ms (cache miss)
137 timing reifyNode:node_modules/deepmerge Completed in 455ms
138 timing reifyNode:node_modules/hoist-non-react-statics Completed in 457ms
139 timing reifyNode:node_modules/react Completed in 494ms
140 http fetch GET 200 https://registry.npmjs.org/@types/react/-/react-18.3.2.tgz 505ms (cache miss)
141 timing reifyNode:node_modules/@types/react Completed in 565ms
142 http fetch GET 200 https://registry.npmjs.org/csstype/-/csstype-3.1.3.tgz 560ms (cache miss)
143 timing reifyNode:node_modules/csstype Completed in 592ms
144 http fetch GET 200 https://registry.npmjs.org/formik/-/formik-2.4.6.tgz 516ms (cache miss)
145 timing reifyNode:node_modules/formik Completed in 639ms
146 http fetch GET 200 https://registry.npmjs.org/lodash-es/-/lodash-es-4.17.21.tgz 1163ms (cache miss)
147 timing reifyNode:node_modules/lodash-es Completed in 1241ms
148 http fetch GET 200 https://registry.npmjs.org/lodash/-/lodash-4.17.21.tgz 1306ms (cache miss)
149 timing reifyNode:node_modules/lodash Completed in 1425ms
150 timing reify:unpack Completed in 1429ms
151 timing reify:unretire Completed in 0ms
152 timing build:queue Completed in 2ms
153 timing build:link:node_modules/loose-envify Completed in 3ms
154 timing build:link Completed in 3ms
155 timing build:deps Completed in 5ms
156 timing build Completed in 5ms
157 timing reify:build Completed in 5ms
158 timing reify:trash Completed in 0ms
159 timing reify:save Completed in 16ms
160 timing reify Completed in 5139ms
161 silly ADD node_modules/js-tokens
162 silly ADD node_modules/loose-envify
163 silly ADD node_modules/react-is
164 silly ADD node_modules/csstype
165 silly ADD node_modules/@types/prop-types
166 silly ADD node_modules/@types/react
167 silly ADD node_modules/tslib
168 silly ADD node_modules/tiny-warning
169 silly ADD node_modules/react-fast-compare
170 silly ADD node_modules/lodash-es
171 silly ADD node_modules/lodash
172 silly ADD node_modules/hoist-non-react-statics
173 silly ADD node_modules/deepmerge
174 silly ADD node_modules/@types/hoist-non-react-statics
175 silly ADD node_modules/react
176 silly ADD node_modules/formik
177 timing command:install Completed in 5152ms
178 verbose exit 0
179 timing npm Completed in 16245ms
180 info ok
