0 verbose cli /home/iveew/.nvm/versions/node/v20.13.1/bin/node /home/iveew/.nvm/versions/node/v20.13.1/bin/npm
1 info using npm@10.5.2
2 info using node@v20.13.1
3 timing npm:load:whichnode Completed in 3ms
4 timing config:load:defaults Completed in 2ms
5 timing config:load:file:/home/iveew/.nvm/versions/node/v20.13.1/lib/node_modules/npm/npmrc Completed in 1ms
6 timing config:load:builtin Completed in 1ms
7 timing config:load:cli Completed in 3ms
8 timing config:load:env Completed in 0ms
9 timing config:load:project Completed in 2ms
10 timing config:load:file:/home/iveew/.npmrc Completed in 0ms
11 timing config:load:user Completed in 0ms
12 timing config:load:file:/home/iveew/.nvm/versions/node/v20.13.1/etc/npmrc Completed in 1ms
13 timing config:load:global Completed in 1ms
14 timing config:load:setEnvs Completed in 1ms
15 timing config:load Completed in 11ms
16 timing npm:load:configload Completed in 11ms
17 timing config:load:flatten Completed in 3ms
18 timing npm:load:mkdirpcache Completed in 1ms
19 timing npm:load:mkdirplogs Completed in 0ms
20 verbose title npm install chart.js react-chartjs-2
21 verbose argv "install" "chart.js" "react-chartjs-2"
22 timing npm:load:setTitle Completed in 1ms
23 timing npm:load:display Completed in 1ms
24 verbose logfile logs-max:10 dir:/home/iveew/.npm/_logs/2024-05-22T11_56_09_290Z-
25 verbose logfile /home/iveew/.npm/_logs/2024-05-22T11_56_09_290Z-debug-0.log
26 timing npm:load:logFile Completed in 3ms
27 timing npm:load:timers Completed in 0ms
28 timing npm:load:configScope Completed in 0ms
29 timing npm:load Completed in 43ms
30 timing arborist:ctor Completed in 1ms
31 silly logfile start cleaning logs, removing 1 files
32 silly logfile done cleaning log files
33 timing idealTree:init Completed in 35ms
34 timing idealTree:userRequests Completed in 2ms
35 silly idealTree buildDeps
36 silly fetch manifest chart.js@^4.4.3
37 timing arborist:ctor Completed in 0ms
38 http fetch GET 200 https://registry.npmjs.org/chart.js 168ms (cache miss)
39 silly fetch manifest react-chartjs-2@^5.2.0
40 http fetch GET 200 https://registry.npmjs.org/react-chartjs-2 50ms (cache miss)
41 silly fetch manifest react@^16.8.0 || ^17.0.0 || ^18.0.0
42 http fetch GET 200 https://registry.npmjs.org/react 222ms (cache miss)
43 silly placeDep ROOT chart.js@4.4.3 REPLACE for:  want: ^4.4.3
44 silly placeDep ROOT react-chartjs-2@5.2.0 REPLACE for:  want: ^5.2.0
45 timing idealTree:#root Completed in 548ms
46 timing idealTree:node_modules/chart.js Completed in 0ms
47 timing idealTree:node_modules/react-chartjs-2 Completed in 0ms
48 timing idealTree:buildDeps Completed in 550ms
49 timing idealTree:fixDepFlags Completed in 1ms
50 timing idealTree Completed in 590ms
51 timing reify:loadTrees Completed in 591ms
52 timing reify:diffTrees Completed in 3ms
53 silly reify moves {}
54 timing reify:retireShallow Completed in 1ms
55 timing reify:createSparse Completed in 0ms
56 timing reify:loadBundles Completed in 0ms
57 silly audit bulk request {
57 silly audit   '@kurkle/color': [ '0.3.2' ],
57 silly audit   '@types/hoist-non-react-statics': [ '3.3.5' ],
57 silly audit   '@types/prop-types': [ '15.7.12' ],
57 silly audit   '@types/react': [ '18.3.2' ],
57 silly audit   csstype: [ '3.1.3' ],
57 silly audit   deepmerge: [ '2.2.1' ],
57 silly audit   formik: [ '2.4.6' ],
57 silly audit   'hoist-non-react-statics': [ '3.3.2' ],
57 silly audit   'js-tokens': [ '4.0.0' ],
57 silly audit   lodash: [ '4.17.21' ],
57 silly audit   'lodash-es': [ '4.17.21' ],
57 silly audit   'loose-envify': [ '1.4.0' ],
57 silly audit   react: [ '18.3.1' ],
57 silly audit   'react-fast-compare': [ '2.0.4' ],
57 silly audit   'react-is': [ '16.13.1' ],
57 silly audit   'tiny-warning': [ '1.0.3' ],
57 silly audit   tslib: [ '2.6.2' ],
57 silly audit   'chart.js': [ '4.4.3' ],
57 silly audit   'react-chartjs-2': [ '5.2.0' ]
57 silly audit }
58 timing reify:unpack Completed in 1ms
59 timing reify:unretire Completed in 0ms
60 timing build:queue Completed in 0ms
61 timing build:deps Completed in 1ms
62 timing build Completed in 1ms
63 timing reify:build Completed in 1ms
64 timing reify:trash Completed in 0ms
65 timing reify:save Completed in 24ms
66 http fetch POST 200 https://registry.npmjs.org/-/npm/v1/security/advisories/bulk 111ms
67 timing auditReport:getReport Completed in 114ms
68 silly audit report {}
69 timing auditReport:init Completed in 0ms
70 timing reify:audit Completed in 115ms
71 timing reify Completed in 716ms
72 timing command:install Completed in 726ms
73 verbose exit 0
74 timing npm Completed in 1151ms
75 info ok
