0 verbose cli /home/iveew/.nvm/versions/node/v20.13.1/bin/node /home/iveew/.nvm/versions/node/v20.13.1/bin/npm
1 info using npm@10.5.2
2 info using node@v20.13.1
3 timing npm:load:whichnode Completed in 3ms
4 timing config:load:defaults Completed in 2ms
5 timing config:load:file:/home/iveew/.nvm/versions/node/v20.13.1/lib/node_modules/npm/npmrc Completed in 3ms
6 timing config:load:builtin Completed in 3ms
7 timing config:load:cli Completed in 2ms
8 timing config:load:env Completed in 1ms
9 timing config:load:project Completed in 2ms
10 timing config:load:file:/home/iveew/.npmrc Completed in 1ms
11 timing config:load:user Completed in 1ms
12 timing config:load:file:/home/iveew/.nvm/versions/node/v20.13.1/etc/npmrc Completed in 0ms
13 timing config:load:global Completed in 0ms
14 timing config:load:setEnvs Completed in 1ms
15 timing config:load Completed in 13ms
16 timing npm:load:configload Completed in 13ms
17 timing config:load:flatten Completed in 5ms
18 timing npm:load:mkdirpcache Completed in 1ms
19 timing npm:load:mkdirplogs Completed in 0ms
20 verbose title npm install chart.js react-chartjs-2
21 verbose argv "install" "chart.js" "react-chartjs-2"
22 timing npm:load:setTitle Completed in 1ms
23 timing npm:load:display Completed in 1ms
24 verbose logfile logs-max:10 dir:/home/iveew/.npm/_logs/2024-05-22T11_50_23_444Z-
25 verbose logfile /home/iveew/.npm/_logs/2024-05-22T11_50_23_444Z-debug-0.log
26 timing npm:load:logFile Completed in 44ms
27 timing npm:load:timers Completed in 0ms
28 timing npm:load:configScope Completed in 0ms
29 timing npm:load Completed in 276ms
30 timing arborist:ctor Completed in 1ms
31 silly logfile start cleaning logs, removing 1 files
32 silly logfile done cleaning log files
33 timing idealTree:init Completed in 685ms
34 timing idealTree:userRequests Completed in 3ms
35 silly idealTree buildDeps
36 silly fetch manifest chart.js@^4.4.3
37 http fetch GET 200 https://registry.npmjs.org/npm 600ms
38 timing arborist:ctor Completed in 0ms
39 http fetch GET 200 https://registry.npmjs.org/chart.js 360ms (cache revalidated)
40 silly fetch manifest react-chartjs-2@^5.2.0
41 http fetch GET 200 https://registry.npmjs.org/react-chartjs-2 57ms (cache revalidated)
42 silly fetch manifest react@^16.8.0 || ^17.0.0 || ^18.0.0
43 http fetch GET 200 https://registry.npmjs.org/react 213ms (cache updated)
44 silly placeDep ROOT chart.js@4.4.3 REPLACE for:  want: ^4.4.3
45 silly placeDep ROOT react-chartjs-2@5.2.0 REPLACE for:  want: ^5.2.0
46 timing idealTree:#root Completed in 808ms
47 timing idealTree:node_modules/chart.js Completed in 0ms
48 timing idealTree:node_modules/react-chartjs-2 Completed in 0ms
49 timing idealTree:buildDeps Completed in 810ms
50 timing idealTree:fixDepFlags Completed in 0ms
51 timing idealTree Completed in 1502ms
52 timing reify:loadTrees Completed in 1503ms
53 timing reify:diffTrees Completed in 4ms
54 silly reify moves {}
55 timing reify:retireShallow Completed in 2ms
56 timing reify:createSparse Completed in 0ms
57 timing reify:loadBundles Completed in 0ms
58 silly audit bulk request {
58 silly audit   '@kurkle/color': [ '0.3.2' ],
58 silly audit   '@types/hoist-non-react-statics': [ '3.3.5' ],
58 silly audit   '@types/prop-types': [ '15.7.12' ],
58 silly audit   '@types/react': [ '18.3.2' ],
58 silly audit   csstype: [ '3.1.3' ],
58 silly audit   deepmerge: [ '2.2.1' ],
58 silly audit   formik: [ '2.4.6' ],
58 silly audit   'hoist-non-react-statics': [ '3.3.2' ],
58 silly audit   'js-tokens': [ '4.0.0' ],
58 silly audit   lodash: [ '4.17.21' ],
58 silly audit   'lodash-es': [ '4.17.21' ],
58 silly audit   'loose-envify': [ '1.4.0' ],
58 silly audit   react: [ '18.3.1' ],
58 silly audit   'react-fast-compare': [ '2.0.4' ],
58 silly audit   'react-is': [ '16.13.1' ],
58 silly audit   'tiny-warning': [ '1.0.3' ],
58 silly audit   tslib: [ '2.6.2' ],
58 silly audit   'chart.js': [ '4.4.3' ],
58 silly audit   'react-chartjs-2': [ '5.2.0' ]
58 silly audit }
59 timing reify:unpack Completed in 1ms
60 timing reify:unretire Completed in 0ms
61 timing build:queue Completed in 0ms
62 timing build:deps Completed in 1ms
63 timing build Completed in 1ms
64 timing reify:build Completed in 1ms
65 timing reify:trash Completed in 0ms
66 timing reify:save Completed in 24ms
67 http fetch POST 200 https://registry.npmjs.org/-/npm/v1/security/advisories/bulk 112ms
68 timing auditReport:getReport Completed in 115ms
69 silly audit report {}
70 timing auditReport:init Completed in 0ms
71 timing reify:audit Completed in 117ms
72 timing reify Completed in 1635ms
73 timing command:install Completed in 1650ms
74 notice
74 notice New [33mminor[39m version of npm available! [31m10.5.2[39m -> [32m10.8.0[39m
74 notice Changelog: [36mhttps://github.com/npm/cli/releases/tag/v10.8.0[39m
74 notice Run [32mnpm install -g npm@10.8.0[39m to update!
74 notice
75 verbose exit 0
76 timing npm Completed in 12877ms
77 info ok
