0 verbose cli /home/iveew/.nvm/versions/node/v20.13.1/bin/node /home/iveew/.nvm/versions/node/v20.13.1/bin/npm
1 info using npm@10.5.2
2 info using node@v20.13.1
3 timing npm:load:whichnode Completed in 1ms
4 timing config:load:defaults Completed in 4ms
5 timing config:load:file:/home/iveew/.nvm/versions/node/v20.13.1/lib/node_modules/npm/npmrc Completed in 3ms
6 timing config:load:builtin Completed in 3ms
7 timing config:load:cli Completed in 4ms
8 timing config:load:env Completed in 0ms
9 timing config:load:project Completed in 1ms
10 timing config:load:file:/home/iveew/.npmrc Completed in 0ms
11 timing config:load:user Completed in 1ms
12 timing config:load:file:/home/iveew/.nvm/versions/node/v20.13.1/etc/npmrc Completed in 0ms
13 timing config:load:global Completed in 0ms
14 timing config:load:setEnvs Completed in 2ms
15 timing config:load Completed in 16ms
16 timing npm:load:configload Completed in 17ms
17 timing config:load:flatten Completed in 3ms
18 timing npm:load:mkdirpcache Completed in 0ms
19 timing npm:load:mkdirplogs Completed in 1ms
20 verbose title npm install chart.js
21 verbose argv "install" "chart.js"
22 timing npm:load:setTitle Completed in 1ms
23 timing npm:load:display Completed in 0ms
24 verbose logfile logs-max:10 dir:/home/iveew/.npm/_logs/2024-05-22T11_59_57_451Z-
25 verbose logfile /home/iveew/.npm/_logs/2024-05-22T11_59_57_451Z-debug-0.log
26 timing npm:load:logFile Completed in 8ms
27 timing npm:load:timers Completed in 0ms
28 timing npm:load:configScope Completed in 0ms
29 timing npm:load Completed in 53ms
30 timing arborist:ctor Completed in 1ms
31 silly logfile start cleaning logs, removing 1 files
32 silly logfile done cleaning log files
33 timing idealTree:init Completed in 39ms
34 timing idealTree:userRequests Completed in 2ms
35 silly idealTree buildDeps
36 silly fetch manifest chart.js@^4.4.3
37 timing arborist:ctor Completed in 0ms
38 http fetch GET 200 https://registry.npmjs.org/chart.js 54ms (cache hit)
39 silly placeDep ROOT chart.js@4.4.3 REPLACE for:  want: ^4.4.3
40 timing idealTree:#root Completed in 79ms
41 timing idealTree:node_modules/chart.js Completed in 0ms
42 timing idealTree:buildDeps Completed in 81ms
43 timing idealTree:fixDepFlags Completed in 1ms
44 timing idealTree Completed in 123ms
45 timing reify:loadTrees Completed in 125ms
46 timing reify:diffTrees Completed in 3ms
47 silly reify moves {}
48 timing reify:retireShallow Completed in 3ms
49 timing reify:createSparse Completed in 0ms
50 timing reify:loadBundles Completed in 0ms
51 silly audit bulk request {
51 silly audit   '@kurkle/color': [ '0.3.2' ],
51 silly audit   '@types/hoist-non-react-statics': [ '3.3.5' ],
51 silly audit   '@types/prop-types': [ '15.7.12' ],
51 silly audit   '@types/react': [ '18.3.2' ],
51 silly audit   csstype: [ '3.1.3' ],
51 silly audit   deepmerge: [ '2.2.1' ],
51 silly audit   formik: [ '2.4.6' ],
51 silly audit   'hoist-non-react-statics': [ '3.3.2' ],
51 silly audit   'js-tokens': [ '4.0.0' ],
51 silly audit   lodash: [ '4.17.21' ],
51 silly audit   'lodash-es': [ '4.17.21' ],
51 silly audit   'loose-envify': [ '1.4.0' ],
51 silly audit   react: [ '18.3.1' ],
51 silly audit   'react-chartjs-2': [ '5.2.0' ],
51 silly audit   'react-fast-compare': [ '2.0.4' ],
51 silly audit   'react-is': [ '16.13.1' ],
51 silly audit   'tiny-warning': [ '1.0.3' ],
51 silly audit   tslib: [ '2.6.2' ],
51 silly audit   'chart.js': [ '4.4.3' ]
51 silly audit }
52 timing reify:unpack Completed in 2ms
53 timing reify:unretire Completed in 63ms
54 timing build:queue Completed in 0ms
55 timing build:deps Completed in 0ms
56 timing build Completed in 1ms
57 timing reify:build Completed in 1ms
58 timing reify:trash Completed in 0ms
59 timing reify:save Completed in 28ms
60 http fetch POST 200 https://registry.npmjs.org/-/npm/v1/security/advisories/bulk 246ms
61 timing auditReport:getReport Completed in 251ms
62 silly audit report {}
63 timing auditReport:init Completed in 0ms
64 timing reify:audit Completed in 252ms
65 timing reify Completed in 390ms
66 timing command:install Completed in 402ms
67 verbose exit 0
68 timing npm Completed in 891ms
69 info ok
