0 verbose cli /home/iveew/.nvm/versions/node/v20.13.1/bin/node /home/iveew/.nvm/versions/node/v20.13.1/bin/npm
1 info using npm@10.5.2
2 info using node@v20.13.1
3 timing npm:load:whichnode Completed in 2ms
4 timing config:load:defaults Completed in 2ms
5 timing config:load:file:/home/iveew/.nvm/versions/node/v20.13.1/lib/node_modules/npm/npmrc Completed in 1ms
6 timing config:load:builtin Completed in 2ms
7 timing config:load:cli Completed in 3ms
8 timing config:load:env Completed in 0ms
9 timing config:load:project Completed in 1ms
10 timing config:load:file:/home/iveew/.npmrc Completed in 0ms
11 timing config:load:user Completed in 1ms
12 timing config:load:file:/home/iveew/.nvm/versions/node/v20.13.1/etc/npmrc Completed in 0ms
13 timing config:load:global Completed in 0ms
14 timing config:load:setEnvs Completed in 1ms
15 timing config:load Completed in 12ms
16 timing npm:load:configload Completed in 12ms
17 timing config:load:flatten Completed in 4ms
18 timing npm:load:mkdirpcache Completed in 0ms
19 timing npm:load:mkdirplogs Completed in 0ms
20 verbose title npm install react-chartjs-2
21 verbose argv "install" "react-chartjs-2"
22 timing npm:load:setTitle Completed in 1ms
23 timing npm:load:display Completed in 1ms
24 verbose logfile logs-max:10 dir:/home/iveew/.npm/_logs/2024-05-20T15_57_45_094Z-
25 verbose logfile /home/iveew/.npm/_logs/2024-05-20T15_57_45_094Z-debug-0.log
26 timing npm:load:logFile Completed in 3ms
27 timing npm:load:timers Completed in 0ms
28 timing npm:load:configScope Completed in 0ms
29 timing npm:load Completed in 41ms
30 timing arborist:ctor Completed in 2ms
31 silly logfile start cleaning logs, removing 2 files
32 silly logfile done cleaning log files
33 timing idealTree:init Completed in 176ms
34 timing idealTree:userRequests Completed in 5ms
35 silly idealTree buildDeps
36 silly fetch manifest react-chartjs-2@*
37 timing arborist:ctor Completed in 17ms
38 http fetch GET 200 https://registry.npmjs.org/react-chartjs-2 455ms (cache miss)
39 silly fetch manifest chart.js@^4.1.1
40 http fetch GET 200 https://registry.npmjs.org/chart.js 126ms (cache miss)
41 silly fetch manifest react@^16.8.0 || ^17.0.0 || ^18.0.0
42 http fetch GET 200 https://registry.npmjs.org/react 251ms (cache updated)
43 silly placeDep ROOT react-chartjs-2@5.2.0 OK for:  want: *
44 silly placeDep ROOT chart.js@4.4.3 OK for: react-chartjs-2@5.2.0 want: ^4.1.1
45 silly fetch manifest @kurkle/color@^0.3.0
46 http fetch GET 200 https://registry.npmjs.org/@kurkle%2fcolor 89ms (cache miss)
47 timing idealTree:#root Completed in 1103ms
48 silly placeDep ROOT @kurkle/color@0.3.2 OK for: chart.js@4.4.3 want: ^0.3.0
49 timing idealTree:node_modules/chart.js Completed in 3ms
50 timing idealTree:node_modules/@kurkle/color Completed in 0ms
51 timing idealTree:node_modules/react-chartjs-2 Completed in 0ms
52 timing idealTree:buildDeps Completed in 1115ms
53 timing idealTree:fixDepFlags Completed in 1ms
54 timing idealTree Completed in 1300ms
55 timing reify:loadTrees Completed in 1302ms
56 timing reify:diffTrees Completed in 21ms
57 silly reify moves {}
58 timing reify:retireShallow Completed in 2ms
59 timing reify:createSparse Completed in 2ms
60 timing reify:loadBundles Completed in 0ms
61 silly audit bulk request {
61 silly audit   '@types/hoist-non-react-statics': [ '3.3.5' ],
61 silly audit   '@types/prop-types': [ '15.7.12' ],
61 silly audit   '@types/react': [ '18.3.2' ],
61 silly audit   csstype: [ '3.1.3' ],
61 silly audit   deepmerge: [ '2.2.1' ],
61 silly audit   formik: [ '2.4.6' ],
61 silly audit   'hoist-non-react-statics': [ '3.3.2' ],
61 silly audit   'js-tokens': [ '4.0.0' ],
61 silly audit   lodash: [ '4.17.21' ],
61 silly audit   'lodash-es': [ '4.17.21' ],
61 silly audit   'loose-envify': [ '1.4.0' ],
61 silly audit   react: [ '18.3.1' ],
61 silly audit   'react-fast-compare': [ '2.0.4' ],
61 silly audit   'react-is': [ '16.13.1' ],
61 silly audit   'tiny-warning': [ '1.0.3' ],
61 silly audit   tslib: [ '2.6.2' ],
61 silly audit   'react-chartjs-2': [ '5.2.0' ],
61 silly audit   'chart.js': [ '4.4.3' ],
61 silly audit   '@kurkle/color': [ '0.3.2' ]
61 silly audit }
62 silly tarball no local data for @kurkle/color@https://registry.npmjs.org/@kurkle/color/-/color-0.3.2.tgz. Extracting by manifest.
63 silly tarball no local data for chart.js@https://registry.npmjs.org/chart.js/-/chart.js-4.4.3.tgz. Extracting by manifest.
64 silly tarball no local data for react-chartjs-2@https://registry.npmjs.org/react-chartjs-2/-/react-chartjs-2-5.2.0.tgz. Extracting by manifest.
65 http fetch GET 200 https://registry.npmjs.org/react-chartjs-2/-/react-chartjs-2-5.2.0.tgz 158ms (cache miss)
66 timing reifyNode:node_modules/react-chartjs-2 Completed in 181ms
67 http fetch GET 200 https://registry.npmjs.org/@kurkle/color/-/color-0.3.2.tgz 162ms (cache miss)
68 timing reifyNode:node_modules/@kurkle/color Completed in 183ms
69 http fetch POST 200 https://registry.npmjs.org/-/npm/v1/security/advisories/bulk 248ms
70 timing auditReport:getReport Completed in 251ms
71 silly audit report {}
72 timing auditReport:init Completed in 0ms
73 timing reify:audit Completed in 252ms
74 http fetch GET 200 https://registry.npmjs.org/chart.js/-/chart.js-4.4.3.tgz 330ms (cache miss)
75 timing reifyNode:node_modules/chart.js Completed in 352ms
76 timing reify:unpack Completed in 353ms
77 timing reify:unretire Completed in 1ms
78 timing build:queue Completed in 1ms
79 timing build:deps Completed in 1ms
80 timing build Completed in 1ms
81 timing reify:build Completed in 2ms
82 timing reify:trash Completed in 0ms
83 timing reify:save Completed in 17ms
84 timing reify Completed in 1728ms
85 silly ADD node_modules/@kurkle/color
86 silly ADD node_modules/chart.js
87 silly ADD node_modules/react-chartjs-2
88 timing command:install Completed in 1751ms
89 verbose exit 0
90 timing npm Completed in 11592ms
91 info ok
